#
# There is insufficient memory for the Java Runtime Environment to continue.
# Native memory allocation (malloc) failed to allocate 1048576 bytes for AllocateHeap
# Possible reasons:
#   The system is out of physical RAM or swap space
#   The process is running with CompressedOops enabled, and the Java Heap may be blocking the growth of the native heap
# Possible solutions:
#   Reduce memory load on the system
#   Increase physical memory or swap space
#   Check if swap backing store is full
#   Decrease Java heap size (-Xmx/-Xms)
#   Decrease number of Java threads
#   Decrease Java thread stack sizes (-Xss)
#   Set larger code cache with -XX:ReservedCodeCacheSize=
#   JVM is running with Unscaled Compressed Oops mode in which the Java heap is
#     placed in the first 4GB address space. The Java Heap base address is the
#     maximum limit for the native heap growth. Please use -XX:HeapBaseMinAddress
#     to set the Java Heap base and to place the Java Heap above 4GB virtual address.
# This output file may be truncated or incomplete.
#
#  Out of Memory Error (memory/allocation.inline.hpp:61), pid=23924, tid=0x00000000000036e0
#
# JRE version:  (8.0_291-b10) (build )
# Java VM: Java HotSpot(TM) 64-Bit Server VM (25.291-b10 mixed mode windows-amd64 compressed oops)
# Failed to write core dump. Minidumps are not enabled by default on client versions of Windows
#

---------------  T H R E A D  ---------------

Current thread (0x0000020c9eef6000):  JavaThread "Unknown thread" [_thread_in_vm, id=14048, stack(0x0000002162a00000,0x0000002162b00000)]

Stack: [0x0000002162a00000,0x0000002162b00000]
Native frames: (J=compiled Java code, j=interpreted, Vv=VM code, C=native code)
V  [jvm.dll+0x32ea19]
V  [jvm.dll+0x275462]
V  [jvm.dll+0x27610d]
V  [jvm.dll+0x26cb45]
V  [jvm.dll+0x509d]
V  [jvm.dll+0x3d2f93]
V  [jvm.dll+0x3d39a8]
V  [jvm.dll+0xfcaff]
V  [jvm.dll+0x209dfb]
V  [jvm.dll+0x238827]
V  [jvm.dll+0x1625b6]
C  [java.exe+0x2312]
C  [java.exe+0x15f54]
C  [KERNEL32.DLL+0x17034]
C  [ntdll.dll+0x52651]


---------------  P R O C E S S  ---------------

Java Threads: ( => current thread )

Other Threads:

=>0x0000020c9eef6000 (exited) JavaThread "Unknown thread" [_thread_in_vm, id=14048, stack(0x0000002162a00000,0x0000002162b00000)]

VM state:not at safepoint (normal execution)

VM Mutex/Monitor currently owned by a thread: None

heap address: 0x0000000084000000, size: 1984 MB, Compressed Oops mode: 32-bit
Narrow klass base: 0x0000000000000000, Narrow klass shift: 3
Compressed class space size: 1073741824 Address: 0x0000000100000000

Heap:
 PSYoungGen      total 36864K, used 634K [0x00000000d6b00000, 0x00000000d9400000, 0x0000000100000000)
  eden space 31744K, 2% used [0x00000000d6b00000,0x00000000d6b9eb90,0x00000000d8a00000)
  from space 5120K, 0% used [0x00000000d8f00000,0x00000000d8f00000,0x00000000d9400000)
  to   space 5120K, 0% used [0x00000000d8a00000,0x00000000d8a00000,0x00000000d8f00000)
 ParOldGen       total 84992K, used 0K [0x0000000084000000, 0x0000000089300000, 0x00000000d6b00000)
  object space 84992K, 0% used [0x0000000084000000,0x0000000084000000,0x0000000089300000)
 Metaspace       used 778K, capacity 4480K, committed 4480K, reserved 1056768K
  class space    used 76K, capacity 384K, committed 384K, reserved 1048576K

Card table byte_map: [0x0000020cafc40000,0x0000020cb0030000] byte_map_base: 0x0000020caf820000

Marking Bits: (ParMarkBitMap*) 0x000000006fc67fe0
 Begin Bits: [0x0000020cb02d0000, 0x0000020cb21d0000)
 End Bits:   [0x0000020cb21d0000, 0x0000020cb40d0000)

Polling page: 0x0000020ca0850000

CodeCache: size=245760Kb used=328Kb max_used=328Kb free=245431Kb
 bounds [0x0000020ca0880000, 0x0000020ca0af0000, 0x0000020caf880000]
 total_blobs=58 nmethods=0 adapters=38
 compilation: enabled

Compilation events (0 events):
No events

GC Heap History (0 events):
No events

Deoptimization events (0 events):
No events

Classes redefined (0 events):
No events

Internal exceptions (0 events):
No events

Events (10 events):
Event: 0.027 loading class java/lang/Short
Event: 0.027 loading class java/lang/Short done
Event: 0.027 loading class java/lang/Integer
Event: 0.027 loading class java/lang/Integer done
Event: 0.027 loading class java/lang/Long
Event: 0.027 loading class java/lang/Long done
Event: 0.028 loading class java/lang/NullPointerException
Event: 0.028 loading class java/lang/NullPointerException done
Event: 0.028 loading class java/lang/ArithmeticException
Event: 0.028 loading class java/lang/ArithmeticException done


Dynamic libraries:
0x00007ff7fd440000 - 0x00007ff7fd487000 	C:\Program Files\Java\jdk1.8.0_291\bin\java.exe
0x00007ffc7de50000 - 0x00007ffc7e045000 	C:\WINDOWS\SYSTEM32\ntdll.dll
0x00007ffc7d380000 - 0x00007ffc7d43e000 	C:\WINDOWS\System32\KERNEL32.DLL
0x00007ffc7b710000 - 0x00007ffc7b9d8000 	C:\WINDOWS\System32\KERNELBASE.dll
0x00007ffc7cb40000 - 0x00007ffc7cbee000 	C:\WINDOWS\System32\ADVAPI32.dll
0x00007ffc7cbf0000 - 0x00007ffc7cc8e000 	C:\WINDOWS\System32\msvcrt.dll
0x00007ffc7c620000 - 0x00007ffc7c6bc000 	C:\WINDOWS\System32\sechost.dll
0x00007ffc7cdc0000 - 0x00007ffc7cee5000 	C:\WINDOWS\System32\RPCRT4.dll
0x00007ffc7d7d0000 - 0x00007ffc7d970000 	C:\WINDOWS\System32\USER32.dll
0x00007ffc7b560000 - 0x00007ffc7b582000 	C:\WINDOWS\System32\win32u.dll
0x00007ffc7d790000 - 0x00007ffc7d7bb000 	C:\WINDOWS\System32\GDI32.dll
0x00007ffc7bd90000 - 0x00007ffc7be9d000 	C:\WINDOWS\System32\gdi32full.dll
0x00007ffc7b670000 - 0x00007ffc7b70d000 	C:\WINDOWS\System32\msvcp_win.dll
0x00007ffc7ba50000 - 0x00007ffc7bb50000 	C:\WINDOWS\System32\ucrtbase.dll
0x00007ffc6a4d0000 - 0x00007ffc6a76a000 	C:\WINDOWS\WinSxS\amd64_microsoft.windows.common-controls_6595b64144ccf1df_6.0.19041.1110_none_60b5254171f9507e\COMCTL32.dll
0x00007ffc7c5f0000 - 0x00007ffc7c620000 	C:\WINDOWS\System32\IMM32.DLL
0x00007ffc59550000 - 0x00007ffc59565000 	C:\Program Files\Java\jdk1.8.0_291\jre\bin\vcruntime140.dll
0x00007ffc3a7f0000 - 0x00007ffc3a88b000 	C:\Program Files\Java\jdk1.8.0_291\jre\bin\msvcp140.dll
0x000000006f480000 - 0x000000006fce0000 	C:\Program Files\Java\jdk1.8.0_291\jre\bin\server\jvm.dll
0x00007ffc7d780000 - 0x00007ffc7d788000 	C:\WINDOWS\System32\PSAPI.DLL
0x00007ffc6aa20000 - 0x00007ffc6aa2a000 	C:\WINDOWS\SYSTEM32\VERSION.dll
0x00007ffc69740000 - 0x00007ffc69767000 	C:\WINDOWS\SYSTEM32\WINMM.dll
0x00007ffc696d0000 - 0x00007ffc696d9000 	C:\WINDOWS\SYSTEM32\WSOCK32.dll
0x00007ffc7c840000 - 0x00007ffc7c8ab000 	C:\WINDOWS\System32\WS2_32.dll
0x00007ffc7a020000 - 0x00007ffc7a032000 	C:\WINDOWS\SYSTEM32\kernel.appcore.dll
0x00007ffc59530000 - 0x00007ffc59540000 	C:\Program Files\Java\jdk1.8.0_291\jre\bin\verify.dll
0x00007ffc3deb0000 - 0x00007ffc3dedb000 	C:\Program Files\Java\jdk1.8.0_291\jre\bin\java.dll
0x00007ffc4df60000 - 0x00007ffc4df78000 	C:\Program Files\Java\jdk1.8.0_291\jre\bin\zip.dll
0x00007ffc79b50000 - 0x00007ffc79d34000 	C:\WINDOWS\SYSTEM32\dbghelp.dll
0x00007ffc7bba0000 - 0x00007ffc7bc22000 	C:\WINDOWS\System32\bcryptPrimitives.dll

VM Arguments:
jvm_args: -Dfile.encoding=UTF-8 
java_command: library.management.system.StudentDetails
java_class_path (initial): F:\BESE26\Semester 2\OOP\Project\Library-Management-System\src\library\management\system\Jar\rs2xml.jar;C:\Program Files\NetBeans 8.2\ide\modules\ext\mysql-connector-java-5.1.23-bin.jar;F:\BESE26\Semester 2\OOP\Project\Library-Management-System\src\library\management\system\Jar\jcalendar-tz-1.3.3-4.jar;F:\BESE26\Semester 2\OOP\Project\Library-Management-System\build\classes
Launcher Type: SUN_STANDARD

Environment Variables:
PATH=C:\Program Files (x86)\Common Files\Oracle\Java\javapath;C:\WINDOWS\system32;C:\WINDOWS;C:\WINDOWS\System32\Wbem;C:\WINDOWS\System32\WindowsPowerShell\v1.0\;C:\WINDOWS\System32\OpenSSH\;C:\Program Files\dotnet\;C:\Program Files (x86)\Windows Live\Shared;C:\Program Files\Azure Data Studio\bin;C:\Program Files\Microsoft SQL Server\Client SDK\ODBC\170\Tools\Binn\;C:\Program Files (x86)\Microsoft SQL Server\150\Tools\Binn\;C:\Program Files\Microsoft SQL Server\150\Tools\Binn\;C:\Program Files\Microsoft SQL Server\150\DTS\Binn\;C:\Program Files (x86)\Microsoft SQL Server\150\DTS\Binn\;C:\Program Files (x86)\Common Files\Oracle\Java\javapath;C:\WINDOWS\system32;C:\WINDOWS;C:\WINDOWS\System32\Wbem;C:\WINDOWS\System32\WindowsPowerShell\v1.0\;C:\WINDOWS\System32\OpenSSH\;C:\Program Files\dotnet\;C:\Program Files (x86)\Windows Live\Shared;C:\Program Files\Azure Data Studio\bin;C:\Program Files\Microsoft SQL Server\Client SDK\ODBC\170\Tools\Binn\;C:\Program Files (x86)\Microsoft SQL Server\150\Tools\Binn\;C:\Program Files\Microsoft SQL Server\150\Tools\Binn\;C:\Program Files\Microsoft SQL Server\150\DTS\Binn\;C:\Program Files (x86)\Microsoft SQL Server\150\DTS\Binn\;C:\Users\ssajid.bese26mcs\AppData\Local\Programs\Python\Python39\Scripts\;C:\Users\ssajid.bese26mcs\AppData\Local\Programs\Python\Python39\;C:\Users\ssajid.bese26mcs\AppData\Local\Microsoft\WindowsApps;C:\Users\ssajid.bese26mcs\AppData\Local\Programs\Microsoft VS Code\bin;C:\Users\ssajid.bese26mcs\AppData\Local\Turbo\Cmd\
USERNAME=ssajid.bese26mcs
OS=Windows_NT
PROCESSOR_IDENTIFIER=Intel64 Family 6 Model 142 Stepping 9, GenuineIntel



---------------  S Y S T E M  ---------------

OS: Windows 10.0 , 64 bit Build 19041 (10.0.19041.1499)

CPU:total 4 (initial active 4) (2 cores per cpu, 2 threads per core) family 6 model 142 stepping 9, cmov, cx8, fxsr, mmx, sse, sse2, sse3, ssse3, sse4.1, sse4.2, popcnt, avx, avx2, aes, clmul, erms, 3dnowpref, lzcnt, ht, tsc, tscinvbit, bmi1, bmi2, adx

Memory: 4k page, physical 8124048k(1060616k free), swap 24295308k(5664k free)

vm_info: Java HotSpot(TM) 64-Bit Server VM (25.291-b10) for windows-amd64 JRE (1.8.0_291-b10), built on Apr  9 2021 00:02:00 by "java_re" with MS VC++ 15.9 (VS2017)

time: Mon Jan 24 22:40:45 2022
timezone: Pakistan Standard Time
elapsed time: 0.300898 seconds (0d 0h 0m 0s)

