#
# There is insufficient memory for the Java Runtime Environment to continue.
# Native memory allocation (malloc) failed to allocate 1085936 bytes for Chunk::new
# Possible reasons:
#   The system is out of physical RAM or swap space
#   The process is running with CompressedOops enabled, and the Java Heap may be blocking the growth of the native heap
# Possible solutions:
#   Reduce memory load on the system
#   Increase physical memory or swap space
#   Check if swap backing store is full
#   Decrease Java heap size (-Xmx/-Xms)
#   Decrease number of Java threads
#   Decrease Java thread stack sizes (-Xss)
#   Set larger code cache with -XX:ReservedCodeCacheSize=
#   JVM is running with Unscaled Compressed Oops mode in which the Java heap is
#     placed in the first 4GB address space. The Java Heap base address is the
#     maximum limit for the native heap growth. Please use -XX:HeapBaseMinAddress
#     to set the Java Heap base and to place the Java Heap above 4GB virtual address.
# This output file may be truncated or incomplete.
#
#  Out of Memory Error (arena.cpp:195), pid=22420, tid=16908
#
# JRE version: Java(TM) SE Runtime Environment (16.0+36) (build 16+36-2231)
# Java VM: Java HotSpot(TM) 64-Bit Server VM (16+36-2231, mixed mode, sharing, tiered, compressed oops, g1 gc, windows-amd64)
# No core dump will be written. Minidumps are not enabled by default on client versions of Windows
#

---------------  S U M M A R Y ------------

Command Line: -Dfile.encoding=UTF-8 library.management.system.Loading

Host: Intel(R) Core(TM) i7-7500U CPU @ 2.70GHz, 4 cores, 7G,  Windows 10 , 64 bit Build 19041 (10.0.19041.928)
Time: Mon May 31 14:01:00 2021 Pakistan Standard Time elapsed time: 9.352437 seconds (0d 0h 0m 9s)

---------------  T H R E A D  ---------------

Current thread (0x000001e52f538c90):  JavaThread "C2 CompilerThread1" daemon [_thread_in_native, id=16908, stack(0x00000073a5a00000,0x00000073a5b00000)]


Current CompileTask:
C2:   9352 1061   !   4       sun.awt.image.PNGImageDecoder::produceImage (1917 bytes)

Stack: [0x00000073a5a00000,0x00000073a5b00000]
Native frames: (J=compiled Java code, j=interpreted, Vv=VM code, C=native code)
V  [jvm.dll+0x6681da]
V  [jvm.dll+0x7c9d99]
V  [jvm.dll+0x7cb4d3]
V  [jvm.dll+0x7cbb33]
V  [jvm.dll+0x242ee5]
V  [jvm.dll+0xadeca]
V  [jvm.dll+0xae5ac]
V  [jvm.dll+0x35a8f2]
V  [jvm.dll+0x1b9d2a]
V  [jvm.dll+0x216056]
V  [jvm.dll+0x215340]
V  [jvm.dll+0x1a1d8b]
V  [jvm.dll+0x225398]
V  [jvm.dll+0x2233dc]
V  [jvm.dll+0x77f9e2]
V  [jvm.dll+0x77952a]
V  [jvm.dll+0x667076]
C  [ucrtbase.dll+0x21bb2]
C  [KERNEL32.DLL+0x17034]
C  [ntdll.dll+0x52651]


---------------  P R O C E S S  ---------------

Threads class SMR info:
_java_thread_list=0x000001e52f4bb6b0, length=20, elements={
0x000001e52e8378f0, 0x000001e52e8386c0, 0x000001e52e844e50, 0x000001e52e847770,
0x000001e52e848820, 0x000001e52e8498d0, 0x000001e52e84f1c0, 0x000001e52e855be0,
0x000001e52e86a140, 0x000001e52f4885c0, 0x000001e52f497ad0, 0x000001e52f6759a0,
0x000001e52f675ec0, 0x000001e52f6c4e10, 0x000001e52f745010, 0x000001e52f745b30,
0x000001e511228c50, 0x000001e52f5ff680, 0x000001e5303ed6a0, 0x000001e52f538c90
}

Java Threads: ( => current thread )
  0x000001e52e8378f0 JavaThread "Reference Handler" daemon [_thread_blocked, id=19164, stack(0x00000073a4600000,0x00000073a4700000)]
  0x000001e52e8386c0 JavaThread "Finalizer" daemon [_thread_blocked, id=3340, stack(0x00000073a4700000,0x00000073a4800000)]
  0x000001e52e844e50 JavaThread "Signal Dispatcher" daemon [_thread_blocked, id=11044, stack(0x00000073a4800000,0x00000073a4900000)]
  0x000001e52e847770 JavaThread "Attach Listener" daemon [_thread_blocked, id=20036, stack(0x00000073a4900000,0x00000073a4a00000)]
  0x000001e52e848820 JavaThread "Service Thread" daemon [_thread_blocked, id=10200, stack(0x00000073a4a00000,0x00000073a4b00000)]
  0x000001e52e8498d0 JavaThread "Monitor Deflation Thread" daemon [_thread_blocked, id=14772, stack(0x00000073a4b00000,0x00000073a4c00000)]
  0x000001e52e84f1c0 JavaThread "C2 CompilerThread0" daemon [_thread_blocked, id=11708, stack(0x00000073a4c00000,0x00000073a4d00000)]
  0x000001e52e855be0 JavaThread "C1 CompilerThread0" daemon [_thread_blocked, id=12796, stack(0x00000073a4d00000,0x00000073a4e00000)]
  0x000001e52e86a140 JavaThread "Sweeper thread" daemon [_thread_blocked, id=13364, stack(0x00000073a4e00000,0x00000073a4f00000)]
  0x000001e52f4885c0 JavaThread "Notification Thread" daemon [_thread_blocked, id=18436, stack(0x00000073a4f00000,0x00000073a5000000)]
  0x000001e52f497ad0 JavaThread "Common-Cleaner" daemon [_thread_blocked, id=23484, stack(0x00000073a5100000,0x00000073a5200000)]
  0x000001e52f6759a0 JavaThread "Java2D Disposer" daemon [_thread_blocked, id=19784, stack(0x00000073a5200000,0x00000073a5300000)]
  0x000001e52f675ec0 JavaThread "AWT-Shutdown" [_thread_blocked, id=11468, stack(0x00000073a5300000,0x00000073a5400000)]
  0x000001e52f6c4e10 JavaThread "AWT-Windows" daemon [_thread_in_native, id=10452, stack(0x00000073a5400000,0x00000073a5500000)]
  0x000001e52f745010 JavaThread "Thread-0" [_thread_blocked, id=23464, stack(0x00000073a5500000,0x00000073a5600000)]
  0x000001e52f745b30 JavaThread "AWT-EventQueue-0" [_thread_blocked, id=18780, stack(0x00000073a5600000,0x00000073a5700000)]
  0x000001e511228c50 JavaThread "DestroyJavaVM" [_thread_blocked, id=9736, stack(0x00000073a3f00000,0x00000073a4000000)]
  0x000001e52f5ff680 JavaThread "Image Fetcher 0" daemon [_thread_blocked, id=15528, stack(0x00000073a5800000,0x00000073a5900000)]
  0x000001e5303ed6a0 JavaThread "Image Fetcher 1" daemon [_thread_in_Java, id=19120, stack(0x00000073a5900000,0x00000073a5a00000)]
=>0x000001e52f538c90 JavaThread "C2 CompilerThread1" daemon [_thread_in_native, id=16908, stack(0x00000073a5a00000,0x00000073a5b00000)]

Other Threads:
  0x000001e52e8315e0 VMThread "VM Thread" [stack: 0x00000073a4500000,0x00000073a4600000] [id=15712]
  0x000001e52f48a310 WatcherThread [stack: 0x00000073a5000000,0x00000073a5100000] [id=18312]
  0x000001e5112686e0 GCTaskThread "GC Thread#0" [stack: 0x00000073a4000000,0x00000073a4100000] [id=14508]
  0x000001e511278f70 ConcurrentGCThread "G1 Main Marker" [stack: 0x00000073a4100000,0x00000073a4200000] [id=18620]
  0x000001e5112798f0 ConcurrentGCThread "G1 Conc#0" [stack: 0x00000073a4200000,0x00000073a4300000] [id=6464]
  0x000001e5112f02a0 ConcurrentGCThread "G1 Refine#0" [stack: 0x00000073a4300000,0x00000073a4400000] [id=23364]
  0x000001e5112f0c30 ConcurrentGCThread "G1 Service" [stack: 0x00000073a4400000,0x00000073a4500000] [id=22960]

Threads with active compile tasks:
C2 CompilerThread1     9490 1061   !   4       sun.awt.image.PNGImageDecoder::produceImage (1917 bytes)

VM state: not at safepoint (normal execution)

VM Mutex/Monitor currently owned by a thread: None

Heap address: 0x0000000083600000, size: 1994 MB, Compressed Oops mode: 32-bit
CDS archive(s) mapped at: [0x0000000800000000-0x0000000800bb0000-0x0000000800bb0000), size 12255232, SharedBaseAddress: 0x0000000800000000, ArchiveRelocationMode: 0.
Compressed class space mapped at: 0x0000000800c00000-0x0000000840c00000, reserved size: 1073741824
Narrow klass base: 0x0000000800000000, Narrow klass shift: 3, Narrow klass range: 0x100000000

GC Precious Log:
 CPUs: 4 total, 4 available
 Memory: 7969M
 Large Page Support: Disabled
 NUMA Support: Disabled
 Compressed Oops: Enabled (32-bit)
 Heap Region Size: 1M
 Heap Min Capacity: 8M
 Heap Initial Capacity: 126M
 Heap Max Capacity: 1994M
 Pre-touch: Disabled
 Parallel Workers: 4
 Concurrent Workers: 1
 Concurrent Refinement Workers: 4
 Periodic GC: Disabled

Heap:
 garbage-first heap   total 129024K, used 18432K [0x0000000083600000, 0x0000000100000000)
  region size 1024K, 13 young (13312K), 0 survivors (0K)
 Metaspace       used 7696K, committed 7936K, reserved 1056768K
  class space    used 809K, committed 896K, reserved 1048576K

Heap Regions: E=young(eden), S=young(survivor), O=old, HS=humongous(starts), HC=humongous(continues), CS=collection set, F=free, OA=open archive, CA=closed archive, TAMS=top-at-mark-start (previous, next)
|   0|0x0000000083600000, 0x0000000083700000, 0x0000000083700000|100%|HS|  |TAMS 0x0000000083600000, 0x0000000083600000| Complete 
|   1|0x0000000083700000, 0x0000000083800000, 0x0000000083800000|100%|HS|  |TAMS 0x0000000083700000, 0x0000000083700000| Complete 
|   2|0x0000000083800000, 0x0000000083900000, 0x0000000083900000|100%|HC|  |TAMS 0x0000000083800000, 0x0000000083800000| Complete 
|   3|0x0000000083900000, 0x0000000083a00000, 0x0000000083a00000|100%|HS|  |TAMS 0x0000000083900000, 0x0000000083900000| Complete 
|   4|0x0000000083a00000, 0x0000000083b00000, 0x0000000083b00000|100%|HC|  |TAMS 0x0000000083a00000, 0x0000000083a00000| Complete 
|   5|0x0000000083b00000, 0x0000000083c00000, 0x0000000083c00000|100%|HS|  |TAMS 0x0000000083b00000, 0x0000000083b00000| Complete 
|   6|0x0000000083c00000, 0x0000000083d00000, 0x0000000083d00000|100%|HC|  |TAMS 0x0000000083c00000, 0x0000000083c00000| Complete 
|   7|0x0000000083d00000, 0x0000000083d00000, 0x0000000083e00000|  0%| F|  |TAMS 0x0000000083d00000, 0x0000000083d00000| Untracked 
|   8|0x0000000083e00000, 0x0000000083e00000, 0x0000000083f00000|  0%| F|  |TAMS 0x0000000083e00000, 0x0000000083e00000| Untracked 
|   9|0x0000000083f00000, 0x0000000083f00000, 0x0000000084000000|  0%| F|  |TAMS 0x0000000083f00000, 0x0000000083f00000| Untracked 
|  10|0x0000000084000000, 0x0000000084000000, 0x0000000084100000|  0%| F|  |TAMS 0x0000000084000000, 0x0000000084000000| Untracked 
|  11|0x0000000084100000, 0x0000000084100000, 0x0000000084200000|  0%| F|  |TAMS 0x0000000084100000, 0x0000000084100000| Untracked 
|  12|0x0000000084200000, 0x0000000084200000, 0x0000000084300000|  0%| F|  |TAMS 0x0000000084200000, 0x0000000084200000| Untracked 
|  13|0x0000000084300000, 0x0000000084300000, 0x0000000084400000|  0%| F|  |TAMS 0x0000000084300000, 0x0000000084300000| Untracked 
|  14|0x0000000084400000, 0x0000000084400000, 0x0000000084500000|  0%| F|  |TAMS 0x0000000084400000, 0x0000000084400000| Untracked 
|  15|0x0000000084500000, 0x0000000084500000, 0x0000000084600000|  0%| F|  |TAMS 0x0000000084500000, 0x0000000084500000| Untracked 
|  16|0x0000000084600000, 0x0000000084600000, 0x0000000084700000|  0%| F|  |TAMS 0x0000000084600000, 0x0000000084600000| Untracked 
|  17|0x0000000084700000, 0x0000000084700000, 0x0000000084800000|  0%| F|  |TAMS 0x0000000084700000, 0x0000000084700000| Untracked 
|  18|0x0000000084800000, 0x0000000084800000, 0x0000000084900000|  0%| F|  |TAMS 0x0000000084800000, 0x0000000084800000| Untracked 
|  19|0x0000000084900000, 0x0000000084900000, 0x0000000084a00000|  0%| F|  |TAMS 0x0000000084900000, 0x0000000084900000| Untracked 
|  20|0x0000000084a00000, 0x0000000084a00000, 0x0000000084b00000|  0%| F|  |TAMS 0x0000000084a00000, 0x0000000084a00000| Untracked 
|  21|0x0000000084b00000, 0x0000000084b00000, 0x0000000084c00000|  0%| F|  |TAMS 0x0000000084b00000, 0x0000000084b00000| Untracked 
|  22|0x0000000084c00000, 0x0000000084c00000, 0x0000000084d00000|  0%| F|  |TAMS 0x0000000084c00000, 0x0000000084c00000| Untracked 
|  23|0x0000000084d00000, 0x0000000084d00000, 0x0000000084e00000|  0%| F|  |TAMS 0x0000000084d00000, 0x0000000084d00000| Untracked 
|  24|0x0000000084e00000, 0x0000000084e00000, 0x0000000084f00000|  0%| F|  |TAMS 0x0000000084e00000, 0x0000000084e00000| Untracked 
|  25|0x0000000084f00000, 0x0000000084f00000, 0x0000000085000000|  0%| F|  |TAMS 0x0000000084f00000, 0x0000000084f00000| Untracked 
|  26|0x0000000085000000, 0x0000000085000000, 0x0000000085100000|  0%| F|  |TAMS 0x0000000085000000, 0x0000000085000000| Untracked 
|  27|0x0000000085100000, 0x0000000085100000, 0x0000000085200000|  0%| F|  |TAMS 0x0000000085100000, 0x0000000085100000| Untracked 
|  28|0x0000000085200000, 0x0000000085200000, 0x0000000085300000|  0%| F|  |TAMS 0x0000000085200000, 0x0000000085200000| Untracked 
|  29|0x0000000085300000, 0x0000000085300000, 0x0000000085400000|  0%| F|  |TAMS 0x0000000085300000, 0x0000000085300000| Untracked 
|  30|0x0000000085400000, 0x0000000085400000, 0x0000000085500000|  0%| F|  |TAMS 0x0000000085400000, 0x0000000085400000| Untracked 
|  31|0x0000000085500000, 0x0000000085500000, 0x0000000085600000|  0%| F|  |TAMS 0x0000000085500000, 0x0000000085500000| Untracked 
|  32|0x0000000085600000, 0x0000000085600000, 0x0000000085700000|  0%| F|  |TAMS 0x0000000085600000, 0x0000000085600000| Untracked 
|  33|0x0000000085700000, 0x0000000085700000, 0x0000000085800000|  0%| F|  |TAMS 0x0000000085700000, 0x0000000085700000| Untracked 
|  34|0x0000000085800000, 0x0000000085800000, 0x0000000085900000|  0%| F|  |TAMS 0x0000000085800000, 0x0000000085800000| Untracked 
|  35|0x0000000085900000, 0x0000000085900000, 0x0000000085a00000|  0%| F|  |TAMS 0x0000000085900000, 0x0000000085900000| Untracked 
|  36|0x0000000085a00000, 0x0000000085a00000, 0x0000000085b00000|  0%| F|  |TAMS 0x0000000085a00000, 0x0000000085a00000| Untracked 
|  37|0x0000000085b00000, 0x0000000085b00000, 0x0000000085c00000|  0%| F|  |TAMS 0x0000000085b00000, 0x0000000085b00000| Untracked 
|  38|0x0000000085c00000, 0x0000000085c00000, 0x0000000085d00000|  0%| F|  |TAMS 0x0000000085c00000, 0x0000000085c00000| Untracked 
|  39|0x0000000085d00000, 0x0000000085d00000, 0x0000000085e00000|  0%| F|  |TAMS 0x0000000085d00000, 0x0000000085d00000| Untracked 
|  40|0x0000000085e00000, 0x0000000085e00000, 0x0000000085f00000|  0%| F|  |TAMS 0x0000000085e00000, 0x0000000085e00000| Untracked 
|  41|0x0000000085f00000, 0x0000000085f00000, 0x0000000086000000|  0%| F|  |TAMS 0x0000000085f00000, 0x0000000085f00000| Untracked 
|  42|0x0000000086000000, 0x0000000086000000, 0x0000000086100000|  0%| F|  |TAMS 0x0000000086000000, 0x0000000086000000| Untracked 
|  43|0x0000000086100000, 0x0000000086100000, 0x0000000086200000|  0%| F|  |TAMS 0x0000000086100000, 0x0000000086100000| Untracked 
|  44|0x0000000086200000, 0x0000000086200000, 0x0000000086300000|  0%| F|  |TAMS 0x0000000086200000, 0x0000000086200000| Untracked 
|  45|0x0000000086300000, 0x0000000086300000, 0x0000000086400000|  0%| F|  |TAMS 0x0000000086300000, 0x0000000086300000| Untracked 
|  46|0x0000000086400000, 0x0000000086400000, 0x0000000086500000|  0%| F|  |TAMS 0x0000000086400000, 0x0000000086400000| Untracked 
|  47|0x0000000086500000, 0x0000000086500000, 0x0000000086600000|  0%| F|  |TAMS 0x0000000086500000, 0x0000000086500000| Untracked 
|  48|0x0000000086600000, 0x0000000086600000, 0x0000000086700000|  0%| F|  |TAMS 0x0000000086600000, 0x0000000086600000| Untracked 
|  49|0x0000000086700000, 0x0000000086700000, 0x0000000086800000|  0%| F|  |TAMS 0x0000000086700000, 0x0000000086700000| Untracked 
|  50|0x0000000086800000, 0x0000000086800000, 0x0000000086900000|  0%| F|  |TAMS 0x0000000086800000, 0x0000000086800000| Untracked 
|  51|0x0000000086900000, 0x0000000086900000, 0x0000000086a00000|  0%| F|  |TAMS 0x0000000086900000, 0x0000000086900000| Untracked 
|  52|0x0000000086a00000, 0x0000000086a00000, 0x0000000086b00000|  0%| F|  |TAMS 0x0000000086a00000, 0x0000000086a00000| Untracked 
|  53|0x0000000086b00000, 0x0000000086b00000, 0x0000000086c00000|  0%| F|  |TAMS 0x0000000086b00000, 0x0000000086b00000| Untracked 
|  54|0x0000000086c00000, 0x0000000086c00000, 0x0000000086d00000|  0%| F|  |TAMS 0x0000000086c00000, 0x0000000086c00000| Untracked 
|  55|0x0000000086d00000, 0x0000000086d00000, 0x0000000086e00000|  0%| F|  |TAMS 0x0000000086d00000, 0x0000000086d00000| Untracked 
|  56|0x0000000086e00000, 0x0000000086e00000, 0x0000000086f00000|  0%| F|  |TAMS 0x0000000086e00000, 0x0000000086e00000| Untracked 
|  57|0x0000000086f00000, 0x0000000086f00000, 0x0000000087000000|  0%| F|  |TAMS 0x0000000086f00000, 0x0000000086f00000| Untracked 
|  58|0x0000000087000000, 0x0000000087000000, 0x0000000087100000|  0%| F|  |TAMS 0x0000000087000000, 0x0000000087000000| Untracked 
|  59|0x0000000087100000, 0x0000000087100000, 0x0000000087200000|  0%| F|  |TAMS 0x0000000087100000, 0x0000000087100000| Untracked 
|  60|0x0000000087200000, 0x0000000087200000, 0x0000000087300000|  0%| F|  |TAMS 0x0000000087200000, 0x0000000087200000| Untracked 
|  61|0x0000000087300000, 0x0000000087300000, 0x0000000087400000|  0%| F|  |TAMS 0x0000000087300000, 0x0000000087300000| Untracked 
|  62|0x0000000087400000, 0x0000000087400000, 0x0000000087500000|  0%| F|  |TAMS 0x0000000087400000, 0x0000000087400000| Untracked 
|  63|0x0000000087500000, 0x0000000087500000, 0x0000000087600000|  0%| F|  |TAMS 0x0000000087500000, 0x0000000087500000| Untracked 
|  64|0x0000000087600000, 0x0000000087600000, 0x0000000087700000|  0%| F|  |TAMS 0x0000000087600000, 0x0000000087600000| Untracked 
|  65|0x0000000087700000, 0x0000000087700000, 0x0000000087800000|  0%| F|  |TAMS 0x0000000087700000, 0x0000000087700000| Untracked 
|  66|0x0000000087800000, 0x0000000087800000, 0x0000000087900000|  0%| F|  |TAMS 0x0000000087800000, 0x0000000087800000| Untracked 
|  67|0x0000000087900000, 0x0000000087900000, 0x0000000087a00000|  0%| F|  |TAMS 0x0000000087900000, 0x0000000087900000| Untracked 
|  68|0x0000000087a00000, 0x0000000087a00000, 0x0000000087b00000|  0%| F|  |TAMS 0x0000000087a00000, 0x0000000087a00000| Untracked 
|  69|0x0000000087b00000, 0x0000000087b00000, 0x0000000087c00000|  0%| F|  |TAMS 0x0000000087b00000, 0x0000000087b00000| Untracked 
|  70|0x0000000087c00000, 0x0000000087c00000, 0x0000000087d00000|  0%| F|  |TAMS 0x0000000087c00000, 0x0000000087c00000| Untracked 
|  71|0x0000000087d00000, 0x0000000087d00000, 0x0000000087e00000|  0%| F|  |TAMS 0x0000000087d00000, 0x0000000087d00000| Untracked 
|  72|0x0000000087e00000, 0x0000000087e00000, 0x0000000087f00000|  0%| F|  |TAMS 0x0000000087e00000, 0x0000000087e00000| Untracked 
|  73|0x0000000087f00000, 0x0000000087f00000, 0x0000000088000000|  0%| F|  |TAMS 0x0000000087f00000, 0x0000000087f00000| Untracked 
|  74|0x0000000088000000, 0x0000000088000000, 0x0000000088100000|  0%| F|  |TAMS 0x0000000088000000, 0x0000000088000000| Untracked 
|  75|0x0000000088100000, 0x0000000088100000, 0x0000000088200000|  0%| F|  |TAMS 0x0000000088100000, 0x0000000088100000| Untracked 
|  76|0x0000000088200000, 0x0000000088200000, 0x0000000088300000|  0%| F|  |TAMS 0x0000000088200000, 0x0000000088200000| Untracked 
|  77|0x0000000088300000, 0x0000000088300000, 0x0000000088400000|  0%| F|  |TAMS 0x0000000088300000, 0x0000000088300000| Untracked 
|  78|0x0000000088400000, 0x0000000088400000, 0x0000000088500000|  0%| F|  |TAMS 0x0000000088400000, 0x0000000088400000| Untracked 
|  79|0x0000000088500000, 0x0000000088500000, 0x0000000088600000|  0%| F|  |TAMS 0x0000000088500000, 0x0000000088500000| Untracked 
|  80|0x0000000088600000, 0x0000000088600000, 0x0000000088700000|  0%| F|  |TAMS 0x0000000088600000, 0x0000000088600000| Untracked 
|  81|0x0000000088700000, 0x0000000088700000, 0x0000000088800000|  0%| F|  |TAMS 0x0000000088700000, 0x0000000088700000| Untracked 
|  82|0x0000000088800000, 0x0000000088800000, 0x0000000088900000|  0%| F|  |TAMS 0x0000000088800000, 0x0000000088800000| Untracked 
|  83|0x0000000088900000, 0x0000000088900000, 0x0000000088a00000|  0%| F|  |TAMS 0x0000000088900000, 0x0000000088900000| Untracked 
|  84|0x0000000088a00000, 0x0000000088a00000, 0x0000000088b00000|  0%| F|  |TAMS 0x0000000088a00000, 0x0000000088a00000| Untracked 
|  85|0x0000000088b00000, 0x0000000088b00000, 0x0000000088c00000|  0%| F|  |TAMS 0x0000000088b00000, 0x0000000088b00000| Untracked 
|  86|0x0000000088c00000, 0x0000000088c00000, 0x0000000088d00000|  0%| F|  |TAMS 0x0000000088c00000, 0x0000000088c00000| Untracked 
|  87|0x0000000088d00000, 0x0000000088d00000, 0x0000000088e00000|  0%| F|  |TAMS 0x0000000088d00000, 0x0000000088d00000| Untracked 
|  88|0x0000000088e00000, 0x0000000088e00000, 0x0000000088f00000|  0%| F|  |TAMS 0x0000000088e00000, 0x0000000088e00000| Untracked 
|  89|0x0000000088f00000, 0x0000000088f00000, 0x0000000089000000|  0%| F|  |TAMS 0x0000000088f00000, 0x0000000088f00000| Untracked 
|  90|0x0000000089000000, 0x0000000089000000, 0x0000000089100000|  0%| F|  |TAMS 0x0000000089000000, 0x0000000089000000| Untracked 
|  91|0x0000000089100000, 0x0000000089100000, 0x0000000089200000|  0%| F|  |TAMS 0x0000000089100000, 0x0000000089100000| Untracked 
|  92|0x0000000089200000, 0x0000000089200000, 0x0000000089300000|  0%| F|  |TAMS 0x0000000089200000, 0x0000000089200000| Untracked 
|  93|0x0000000089300000, 0x0000000089300000, 0x0000000089400000|  0%| F|  |TAMS 0x0000000089300000, 0x0000000089300000| Untracked 
|  94|0x0000000089400000, 0x0000000089400000, 0x0000000089500000|  0%| F|  |TAMS 0x0000000089400000, 0x0000000089400000| Untracked 
|  95|0x0000000089500000, 0x0000000089500000, 0x0000000089600000|  0%| F|  |TAMS 0x0000000089500000, 0x0000000089500000| Untracked 
|  96|0x0000000089600000, 0x0000000089600000, 0x0000000089700000|  0%| F|  |TAMS 0x0000000089600000, 0x0000000089600000| Untracked 
|  97|0x0000000089700000, 0x0000000089700000, 0x0000000089800000|  0%| F|  |TAMS 0x0000000089700000, 0x0000000089700000| Untracked 
|  98|0x0000000089800000, 0x0000000089800000, 0x0000000089900000|  0%| F|  |TAMS 0x0000000089800000, 0x0000000089800000| Untracked 
|  99|0x0000000089900000, 0x0000000089900000, 0x0000000089a00000|  0%| F|  |TAMS 0x0000000089900000, 0x0000000089900000| Untracked 
| 100|0x0000000089a00000, 0x0000000089a00000, 0x0000000089b00000|  0%| F|  |TAMS 0x0000000089a00000, 0x0000000089a00000| Untracked 
| 101|0x0000000089b00000, 0x0000000089b00000, 0x0000000089c00000|  0%| F|  |TAMS 0x0000000089b00000, 0x0000000089b00000| Untracked 
| 102|0x0000000089c00000, 0x0000000089c00000, 0x0000000089d00000|  0%| F|  |TAMS 0x0000000089c00000, 0x0000000089c00000| Untracked 
| 103|0x0000000089d00000, 0x0000000089d00000, 0x0000000089e00000|  0%| F|  |TAMS 0x0000000089d00000, 0x0000000089d00000| Untracked 
| 104|0x0000000089e00000, 0x0000000089e00000, 0x0000000089f00000|  0%| F|  |TAMS 0x0000000089e00000, 0x0000000089e00000| Untracked 
| 105|0x0000000089f00000, 0x0000000089f00000, 0x000000008a000000|  0%| F|  |TAMS 0x0000000089f00000, 0x0000000089f00000| Untracked 
| 106|0x000000008a000000, 0x000000008a000000, 0x000000008a100000|  0%| F|  |TAMS 0x000000008a000000, 0x000000008a000000| Untracked 
| 107|0x000000008a100000, 0x000000008a100000, 0x000000008a200000|  0%| F|  |TAMS 0x000000008a100000, 0x000000008a100000| Untracked 
| 108|0x000000008a200000, 0x000000008a200000, 0x000000008a300000|  0%| F|  |TAMS 0x000000008a200000, 0x000000008a200000| Untracked 
| 109|0x000000008a300000, 0x000000008a300000, 0x000000008a400000|  0%| F|  |TAMS 0x000000008a300000, 0x000000008a300000| Untracked 
| 110|0x000000008a400000, 0x000000008a400000, 0x000000008a500000|  0%| F|  |TAMS 0x000000008a400000, 0x000000008a400000| Untracked 
| 111|0x000000008a500000, 0x000000008a500000, 0x000000008a600000|  0%| F|  |TAMS 0x000000008a500000, 0x000000008a500000| Untracked 
| 112|0x000000008a600000, 0x000000008a600000, 0x000000008a700000|  0%| F|  |TAMS 0x000000008a600000, 0x000000008a600000| Untracked 
| 113|0x000000008a700000, 0x000000008a79bc20, 0x000000008a800000| 60%| E|  |TAMS 0x000000008a700000, 0x000000008a700000| Complete 
| 114|0x000000008a800000, 0x000000008a900000, 0x000000008a900000|100%| E|CS|TAMS 0x000000008a800000, 0x000000008a800000| Complete 
| 115|0x000000008a900000, 0x000000008aa00000, 0x000000008aa00000|100%| E|CS|TAMS 0x000000008a900000, 0x000000008a900000| Complete 
| 116|0x000000008aa00000, 0x000000008ab00000, 0x000000008ab00000|100%| E|CS|TAMS 0x000000008aa00000, 0x000000008aa00000| Complete 
| 117|0x000000008ab00000, 0x000000008ac00000, 0x000000008ac00000|100%| E|CS|TAMS 0x000000008ab00000, 0x000000008ab00000| Complete 
| 118|0x000000008ac00000, 0x000000008ad00000, 0x000000008ad00000|100%| E|CS|TAMS 0x000000008ac00000, 0x000000008ac00000| Complete 
| 119|0x000000008ad00000, 0x000000008ae00000, 0x000000008ae00000|100%| E|CS|TAMS 0x000000008ad00000, 0x000000008ad00000| Complete 
| 120|0x000000008ae00000, 0x000000008af00000, 0x000000008af00000|100%| E|  |TAMS 0x000000008ae00000, 0x000000008ae00000| Complete 
| 121|0x000000008af00000, 0x000000008b000000, 0x000000008b000000|100%| E|CS|TAMS 0x000000008af00000, 0x000000008af00000| Complete 
| 122|0x000000008b000000, 0x000000008b100000, 0x000000008b100000|100%| E|CS|TAMS 0x000000008b000000, 0x000000008b000000| Complete 
| 123|0x000000008b100000, 0x000000008b200000, 0x000000008b200000|100%| E|CS|TAMS 0x000000008b100000, 0x000000008b100000| Complete 
| 124|0x000000008b200000, 0x000000008b300000, 0x000000008b300000|100%| E|CS|TAMS 0x000000008b200000, 0x000000008b200000| Complete 
| 125|0x000000008b300000, 0x000000008b400000, 0x000000008b400000|100%| E|CS|TAMS 0x000000008b300000, 0x000000008b300000| Complete 

Card table byte_map: [0x000001e527d90000,0x000001e528180000] _byte_map_base: 0x000001e527975000

Marking Bits (Prev, Next): (CMBitMap*) 0x000001e511268c60, (CMBitMap*) 0x000001e511268ca0
 Prev Bits: [0x000001e528570000, 0x000001e52a498000)
 Next Bits: [0x000001e52a4a0000, 0x000001e52c3c8000)

Polling page: 0x000001e510a10000

Metaspace:

Usage:
  Non-class:      6.73 MB used.
      Class:    809.56 KB used.
       Both:      7.52 MB used.

Virtual space:
  Non-class space:        8.00 MB reserved,       6.88 MB ( 86%) committed,  1 nodes.
      Class space:        1.00 GB reserved,     896.00 KB ( <1%) committed,  1 nodes.
              Both:        1.01 GB reserved,       7.75 MB ( <1%) committed. 

Chunk freelists:
   Non-Class:  1015.00 KB
       Class:  3.10 MB
        Both:  4.09 MB

MaxMetaspaceSize: 17179869184.00 GB
CompressedClassSpaceSize: 1.00 GB
 - commit_granule_bytes: 65536.
 - commit_granule_words: 8192.
 - virtual_space_node_default_size: 1048576.
 - enlarge_chunks_in_place: 1.
 - new_chunks_are_fully_committed: 0.
 - uncommit_free_chunks: 1.
 - use_allocation_guard: 0.
 - handle_deallocations: 1.


Internal statistics:

num_allocs_failed_limit: 0.
num_arena_births: 120.
num_arena_deaths: 0.
num_vsnodes_births: 2.
num_vsnodes_deaths: 0.
num_space_committed: 124.
num_space_uncommitted: 0.
num_chunks_returned_to_freelist: 0.
num_chunks_taken_from_freelist: 155.
num_chunk_merges: 0.
num_chunk_splits: 96.
num_chunks_enlarged: 49.
num_purges: 0.

CodeHeap 'non-profiled nmethods': size=120000Kb used=328Kb max_used=328Kb free=119671Kb
 bounds [0x000001e520470000, 0x000001e5206e0000, 0x000001e5279a0000]
CodeHeap 'profiled nmethods': size=120000Kb used=1798Kb max_used=1798Kb free=118201Kb
 bounds [0x000001e518f40000, 0x000001e5191b0000, 0x000001e520470000]
CodeHeap 'non-nmethods': size=5760Kb used=1291Kb max_used=1321Kb free=4468Kb
 bounds [0x000001e5189a0000, 0x000001e518c10000, 0x000001e518f40000]
 total_blobs=1707 nmethods=1091 adapters=529
 compilation: enabled
              stopped_count=0, restarted_count=0
 full_count=0

Compilation events (20 events):
Event: 9.001 Thread 0x000001e52e855be0 1085   !   3       sun.awt.image.ImageRepresentation::setPixels (527 bytes)
Event: 9.009 Thread 0x000001e52e855be0 nmethod 1085 0x000001e5190f8390 code [0x000001e5190f8720, 0x000001e5190fa7e8]
Event: 9.035 Thread 0x000001e52e855be0 1086       3       java.io.BufferedInputStream::fill (203 bytes)
Event: 9.038 Thread 0x000001e52e855be0 nmethod 1086 0x000001e5190fb890 code [0x000001e5190fbb20, 0x000001e5190fc8c8]
Event: 9.090 Thread 0x000001e52e855be0 1087   !   3       java.util.zip.InflaterInputStream::read (138 bytes)
Event: 9.092 Thread 0x000001e52e855be0 nmethod 1087 0x000001e5190fcc90 code [0x000001e5190fcf40, 0x000001e5190fdc18]
Event: 9.125 Thread 0x000001e52e855be0 1088       3       java.util.zip.InflaterInputStream::available (32 bytes)
Event: 9.126 Thread 0x000001e52e855be0 nmethod 1088 0x000001e5190fe190 code [0x000001e5190fe380, 0x000001e5190fe828]
Event: 9.131 Thread 0x000001e52e855be0 1089       3       sun.awt.image.ImageDecoder::setPixels (58 bytes)
Event: 9.133 Thread 0x000001e52e855be0 nmethod 1089 0x000001e5190fea10 code [0x000001e5190fec00, 0x000001e5190ff3a8]
Event: 9.220 Thread 0x000001e52e855be0 1090       3       java.lang.ref.WeakReference::<init> (6 bytes)
Event: 9.221 Thread 0x000001e52e855be0 nmethod 1090 0x000001e5190ff690 code [0x000001e5190ff840, 0x000001e5190ffb58]
Event: 9.221 Thread 0x000001e52e855be0 1091  s    3       java.lang.StringBuffer::append (13 bytes)
Event: 9.222 Thread 0x000001e52e855be0 nmethod 1091 0x000001e5190ffc90 code [0x000001e5190ffe40, 0x000001e519100068]
Event: 9.224 Thread 0x000001e52e855be0 1092 %     3       sun.awt.image.PNGImageDecoder::update_crc @ 3 (41 bytes)
Event: 9.225 Thread 0x000001e52e855be0 nmethod 1092% 0x000001e519100110 code [0x000001e5191002c0, 0x000001e519100538]
Event: 9.226 Thread 0x000001e52e855be0 1093       3       sun.awt.image.PNGImageDecoder::update_crc (41 bytes)
Event: 9.227 Thread 0x000001e52e855be0 nmethod 1093 0x000001e519100690 code [0x000001e519100840, 0x000001e519100a58]
Event: 9.301 Thread 0x000001e52e855be0 1094       3       java.awt.image.ReplicateScaleFilter::setPixels (226 bytes)
Event: 9.303 Thread 0x000001e52e855be0 nmethod 1094 0x000001e519100b90 code [0x000001e519100da0, 0x000001e519101798]

GC Heap History (0 events):
No events

Deoptimization events (20 events):
Event: 8.870 Thread 0x000001e52f5ff680 DEOPT PACKING pc=0x000001e5190ce1f9 sp=0x00000073a58feeb0
Event: 8.870 Thread 0x000001e52f5ff680 DEOPT UNPACKING pc=0x000001e5189edece sp=0x00000073a58fe3e8 mode 0
Event: 8.871 Thread 0x000001e52f5ff680 DEOPT PACKING pc=0x000001e5190ce1f9 sp=0x00000073a58feeb0
Event: 8.871 Thread 0x000001e52f5ff680 DEOPT UNPACKING pc=0x000001e5189edece sp=0x00000073a58fe3e8 mode 0
Event: 8.872 Thread 0x000001e52f5ff680 DEOPT PACKING pc=0x000001e5190ce1f9 sp=0x00000073a58feeb0
Event: 8.872 Thread 0x000001e52f5ff680 DEOPT UNPACKING pc=0x000001e5189edece sp=0x00000073a58fe3e8 mode 0
Event: 8.873 Thread 0x000001e52f5ff680 DEOPT PACKING pc=0x000001e5190ce1f9 sp=0x00000073a58feeb0
Event: 8.873 Thread 0x000001e52f5ff680 DEOPT UNPACKING pc=0x000001e5189edece sp=0x00000073a58fe3e8 mode 0
Event: 8.879 Thread 0x000001e5303ed6a0 DEOPT PACKING pc=0x000001e5190ce1f9 sp=0x00000073a59feed0
Event: 8.879 Thread 0x000001e5303ed6a0 DEOPT UNPACKING pc=0x000001e5189edece sp=0x00000073a59fe408 mode 0
Event: 8.880 Thread 0x000001e5303ed6a0 DEOPT PACKING pc=0x000001e5190ce1f9 sp=0x00000073a59feed0
Event: 8.880 Thread 0x000001e5303ed6a0 DEOPT UNPACKING pc=0x000001e5189edece sp=0x00000073a59fe408 mode 0
Event: 8.881 Thread 0x000001e5303ed6a0 DEOPT PACKING pc=0x000001e5190ce1f9 sp=0x00000073a59feed0
Event: 8.881 Thread 0x000001e5303ed6a0 DEOPT UNPACKING pc=0x000001e5189edece sp=0x00000073a59fe408 mode 0
Event: 8.882 Thread 0x000001e5303ed6a0 DEOPT PACKING pc=0x000001e5190ce1f9 sp=0x00000073a59feed0
Event: 8.882 Thread 0x000001e5303ed6a0 DEOPT UNPACKING pc=0x000001e5189edece sp=0x00000073a59fe408 mode 0
Event: 8.919 Thread 0x000001e52f5ff680 Uncommon trap: trap_request=0xffffff76 fr.pc=0x000001e5204ba3ac relative=0x0000000000001f4c
Event: 8.919 Thread 0x000001e52f5ff680 Uncommon trap: reason=predicate action=maybe_recompile pc=0x000001e5204ba3ac method=sun.awt.image.PNGImageDecoder.produceImage()V @ 960 c2
Event: 8.919 Thread 0x000001e52f5ff680 DEOPT PACKING pc=0x000001e5204ba3ac sp=0x00000073a58ff140
Event: 8.919 Thread 0x000001e52f5ff680 DEOPT UNPACKING pc=0x000001e5189ed72e sp=0x00000073a58ff0d0 mode 2

Classes unloaded (0 events):
No events

Classes redefined (0 events):
No events

Internal exceptions (14 events):
Event: 0.575 Thread 0x000001e511228c50 Exception <a 'java/lang/NoSuchMethodError'{0x000000008b22b098}: 'void java.lang.invoke.DirectMethodHandle$Holder.invokeSpecial(java.lang.Object, java.lang.Object, java.lang.Object)'> (0x000000008b22b098) 
thrown [t:\workspace\open\src\hotspot\share\interpreter\linkResolver.cpp, line 790]
Event: 0.671 Thread 0x000001e511228c50 Exception <a 'java/lang/ClassNotFoundException'{0x000000008b248748}: sun/awt/resources/spi/awtProvider> (0x000000008b248748) 
thrown [t:\workspace\open\src\hotspot\share\classfile\systemDictionary.cpp, line 256]
Event: 0.865 Thread 0x000001e511228c50 Exception <a 'java/io/FileNotFoundException'{0x000000008b2a2410}> (0x000000008b2a2410) 
thrown [t:\workspace\open\src\hotspot\share\prims\jni.cpp, line 579]
Event: 0.980 Thread 0x000001e511228c50 Exception <a 'java/io/FileNotFoundException'{0x000000008b2d10e0}> (0x000000008b2d10e0) 
thrown [t:\workspace\open\src\hotspot\share\prims\jni.cpp, line 579]
Event: 0.982 Thread 0x000001e511228c50 Exception <a 'java/lang/NoSuchMethodError'{0x000000008b2d22c8}: 'java.lang.Object java.lang.invoke.DirectMethodHandle$Holder.invokeStatic(java.lang.Object)'> (0x000000008b2d22c8) 
thrown [t:\workspace\open\src\hotspot\share\interpreter\linkResolver.cpp, line 790]
Event: 1.359 Thread 0x000001e511228c50 Exception <a 'java/lang/NoSuchMethodError'{0x000000008b1280f8}: 'java.lang.Object java.lang.invoke.DirectMethodHandle$Holder.invokeStaticInit(java.lang.Object)'> (0x000000008b1280f8) 
thrown [t:\workspace\open\src\hotspot\share\interpreter\linkResolver.cpp, line 790]
Event: 1.620 Thread 0x000001e511228c50 Exception <a 'java/lang/NoSuchMethodError'{0x000000008b1dbfd0}: 'java.lang.Object java.lang.invoke.DirectMethodHandle$Holder.newInvokeSpecial(java.lang.Object, java.lang.Object, java.lang.Object, java.lang.Object, java.lang.Object)'> (0x000000008b1dbfd0) 
thrown [t:\workspace\open\src\hotspot\share\interpreter\linkResolver.cpp, line 790]
Event: 1.630 Thread 0x000001e511228c50 Exception <a 'java/lang/NoSuchMethodError'{0x000000008b1e7ab8}: 'java.lang.Object java.lang.invoke.DirectMethodHandle$Holder.invokeStatic(java.lang.Object, int, java.lang.Object, java.lang.Object, java.lang.Object, java.lang.Object)'> (0x000000008b1e7ab8) 
thrown [t:\workspace\open\src\hotspot\share\interpreter\linkResolver.cpp, line 790]
Event: 1.663 Thread 0x000001e511228c50 Exception <a 'java/lang/NoSuchMethodError'{0x000000008b00e238}: 'java.lang.Object java.lang.invoke.DirectMethodHandle$Holder.invokeStatic(java.lang.Object, int, java.lang.Object)'> (0x000000008b00e238) 
thrown [t:\workspace\open\src\hotspot\share\interpreter\linkResolver.cpp, line 790]
Event: 2.002 Thread 0x000001e511228c50 Exception <a 'java/lang/ClassNotFoundException'{0x000000008b0c62c8}: com/sun/swing/internal/plaf/metal/resources/spi/metalProvider> (0x000000008b0c62c8) 
thrown [t:\workspace\open\src\hotspot\share\classfile\systemDictionary.cpp, line 256]
Event: 2.010 Thread 0x000001e511228c50 Exception <a 'java/lang/ClassNotFoundException'{0x000000008b0ca5a8}: com/sun/swing/internal/plaf/basic/resources/spi/basicProvider> (0x000000008b0ca5a8) 
thrown [t:\workspace\open\src\hotspot\share\classfile\systemDictionary.cpp, line 256]
Event: 2.277 Thread 0x000001e511228c50 Exception <a 'java/lang/NoSuchMethodError'{0x000000008af4ba58}: 'void java.lang.invoke.DirectMethodHandle$Holder.invokeStaticInit(java.lang.Object)'> (0x000000008af4ba58) 
thrown [t:\workspace\open\src\hotspot\share\interpreter\linkResolver.cpp, line 790]
Event: 2.591 Thread 0x000001e52f6c4e10 Exception <a 'java/lang/NoSuchMethodError'{0x000000008b153730}: 'void java.lang.invoke.DirectMethodHandle$Holder.invokeVirtual(java.lang.Object, java.lang.Object)'> (0x000000008b153730) 
thrown [t:\workspace\open\src\hotspot\share\interpreter\linkResolver.cpp, line 790]
Event: 8.584 Thread 0x000001e52f5ff680 Exception <a 'java/lang/NoSuchMethodError'{0x000000008acfd1e8}: 'java.lang.Object java.lang.invoke.DirectMethodHandle$Holder.newInvokeSpecial(java.lang.Object, java.lang.Object, java.lang.Object, int, int, int, int, int)'> (0x000000008acfd1e8) 
thrown [t:\workspace\open\src\hotspot\share\interpreter\linkResolver.cpp, line 790]

Events (20 events):
Event: 8.573 loading class sun/text/resources/cldr/FormatData_en_US
Event: 8.573 loading class sun/text/resources/cldr/FormatData_en_US done
Event: 8.575 loading class sun/awt/image/PNGImageDecoder
Event: 8.575 loading class sun/awt/image/ImageDecoder
Event: 8.575 loading class sun/awt/image/ImageDecoder done
Event: 8.575 loading class sun/awt/image/PNGImageDecoder done
Event: 8.579 loading class sun/awt/image/PNGFilterInputStream
Event: 8.580 loading class sun/awt/image/PNGFilterInputStream done
Event: 8.670 loading class java/awt/image/ReplicateScaleFilter
Event: 8.670 loading class java/awt/image/ImageFilter
Event: 8.670 loading class java/awt/image/ImageFilter done
Event: 8.670 Executing  VM operation: HandshakeAllThreads
Event: 8.670 Executing  VM operation: HandshakeAllThreads done
Event: 8.670 loading class java/awt/image/ReplicateScaleFilter done
Event: 8.671 loading class java/awt/image/FilteredImageSource
Event: 8.671 loading class java/awt/image/FilteredImageSource done
Event: 8.672 Thread 0x000001e5303ed6a0 Thread added: 0x000001e5303ed6a0
Event: 8.885 Thread 0x000001e52f538c90 Thread added: 0x000001e52f538c90
Event: 8.889 loading class sun/awt/image/PNGImageDecoder$Chromaticities
Event: 8.889 loading class sun/awt/image/PNGImageDecoder$Chromaticities done


Dynamic libraries:
0x00007ff7a91a0000 - 0x00007ff7a91b0000 	C:\Program Files\Java\jdk-16\bin\java.exe
0x00007ffa5bf30000 - 0x00007ffa5c125000 	C:\WINDOWS\SYSTEM32\ntdll.dll
0x00007ffa5b2c0000 - 0x00007ffa5b37d000 	C:\WINDOWS\System32\KERNEL32.DLL
0x00007ffa59670000 - 0x00007ffa59938000 	C:\WINDOWS\System32\KERNELBASE.dll
0x00007ffa599c0000 - 0x00007ffa59ac0000 	C:\WINDOWS\System32\ucrtbase.dll
0x00007ffa419e0000 - 0x00007ffa419f8000 	C:\Program Files\Java\jdk-16\bin\jli.dll
0x00007ffa5a360000 - 0x00007ffa5a40c000 	C:\WINDOWS\System32\ADVAPI32.dll
0x00007ffa5a2c0000 - 0x00007ffa5a35e000 	C:\WINDOWS\System32\msvcrt.dll
0x00007ffa5ac70000 - 0x00007ffa5ad0b000 	C:\WINDOWS\System32\sechost.dll
0x00007ffa5ab30000 - 0x00007ffa5ac5b000 	C:\WINDOWS\System32\RPCRT4.dll
0x00007ffa5a520000 - 0x00007ffa5a6c0000 	C:\WINDOWS\System32\USER32.dll
0x00007ffa59d30000 - 0x00007ffa59d52000 	C:\WINDOWS\System32\win32u.dll
0x00007ffa5b490000 - 0x00007ffa5b4ba000 	C:\WINDOWS\System32\GDI32.dll
0x00007ffa59e80000 - 0x00007ffa59f8b000 	C:\WINDOWS\System32\gdi32full.dll
0x00007ffa59d60000 - 0x00007ffa59dfd000 	C:\WINDOWS\System32\msvcp_win.dll
0x00007ffa54150000 - 0x00007ffa54169000 	C:\Program Files\Java\jdk-16\bin\VCRUNTIME140.dll
0x00007ffa4e310000 - 0x00007ffa4e5aa000 	C:\WINDOWS\WinSxS\amd64_microsoft.windows.common-controls_6595b64144ccf1df_6.0.19041.844_none_ca00b6081b84eb1d\COMCTL32.dll
0x00007ffa4fa70000 - 0x00007ffa4fa7a000 	C:\WINDOWS\SYSTEM32\VERSION.dll
0x00007ffa5a4f0000 - 0x00007ffa5a520000 	C:\WINDOWS\System32\IMM32.DLL
0x00007ffa55900000 - 0x00007ffa5590c000 	C:\Program Files\Java\jdk-16\bin\vcruntime140_1.dll
0x00007ffa29f00000 - 0x00007ffa29f91000 	C:\Program Files\Java\jdk-16\bin\msvcp140.dll
0x00007ffa08360000 - 0x00007ffa08f0b000 	C:\Program Files\Java\jdk-16\bin\server\jvm.dll
0x00007ffa5a110000 - 0x00007ffa5a118000 	C:\WINDOWS\System32\PSAPI.DLL
0x00007ffa485c0000 - 0x00007ffa485c9000 	C:\WINDOWS\SYSTEM32\WSOCK32.dll
0x00007ffa5b250000 - 0x00007ffa5b2bb000 	C:\WINDOWS\System32\WS2_32.dll
0x00007ffa4e000000 - 0x00007ffa4e027000 	C:\WINDOWS\SYSTEM32\WINMM.dll
0x00007ffa57690000 - 0x00007ffa576a2000 	C:\WINDOWS\SYSTEM32\kernel.appcore.dll
0x00007ffa54c00000 - 0x00007ffa54c0a000 	C:\Program Files\Java\jdk-16\bin\jimage.dll
0x00007ffa573a0000 - 0x00007ffa57584000 	C:\WINDOWS\SYSTEM32\DBGHELP.DLL
0x00007ffa3d380000 - 0x00007ffa3d3ac000 	C:\WINDOWS\SYSTEM32\dbgcore.DLL
0x00007ffa59940000 - 0x00007ffa599c0000 	C:\WINDOWS\System32\bcryptPrimitives.dll
0x00007ffa4d080000 - 0x00007ffa4d0a5000 	C:\Program Files\Java\jdk-16\bin\java.dll
0x00007ffa5b4c0000 - 0x00007ffa5bc02000 	C:\WINDOWS\System32\SHELL32.dll
0x00007ffa576b0000 - 0x00007ffa57e40000 	C:\WINDOWS\SYSTEM32\windows.storage.dll
0x00007ffa5adc0000 - 0x00007ffa5b115000 	C:\WINDOWS\System32\combase.dll
0x00007ffa59010000 - 0x00007ffa5903c000 	C:\WINDOWS\SYSTEM32\Wldp.dll
0x00007ffa5b380000 - 0x00007ffa5b42e000 	C:\WINDOWS\System32\SHCORE.dll
0x00007ffa5bce0000 - 0x00007ffa5bd35000 	C:\WINDOWS\System32\shlwapi.dll
0x00007ffa595b0000 - 0x00007ffa595cf000 	C:\WINDOWS\SYSTEM32\profapi.dll
0x00007ffa50f50000 - 0x00007ffa50f69000 	C:\Program Files\Java\jdk-16\bin\net.dll
0x00007ffa586a0000 - 0x00007ffa587ab000 	C:\WINDOWS\SYSTEM32\WINHTTP.dll
0x00007ffa58d80000 - 0x00007ffa58dea000 	C:\WINDOWS\system32\mswsock.dll
0x00007ffa4cda0000 - 0x00007ffa4cdb3000 	C:\Program Files\Java\jdk-16\bin\nio.dll
0x00007ffa47a30000 - 0x00007ffa47a48000 	C:\Program Files\Java\jdk-16\bin\zip.dll
0x00007ffa252f0000 - 0x00007ffa25470000 	C:\Program Files\Java\jdk-16\bin\awt.dll
0x00007ffa5bc10000 - 0x00007ffa5bcdd000 	C:\WINDOWS\System32\OLEAUT32.dll
0x00007ffa564d0000 - 0x00007ffa56560000 	C:\WINDOWS\SYSTEM32\apphelp.dll
0x00007ffa56e10000 - 0x00007ffa56e3f000 	C:\WINDOWS\system32\DWMAPI.DLL
0x00007ffa56a20000 - 0x00007ffa56abe000 	C:\WINDOWS\system32\uxtheme.dll
0x00007ffa461f0000 - 0x00007ffa46316000 	C:\WINDOWS\system32\opengl32.dll
0x00007ffa46070000 - 0x00007ffa4609c000 	C:\WINDOWS\SYSTEM32\GLU32.dll
0x00007ffa59ff0000 - 0x00007ffa5a105000 	C:\WINDOWS\System32\MSCTF.dll
0x00007ffa5b120000 - 0x00007ffa5b24a000 	C:\WINDOWS\System32\ole32.dll
0x00007ffa27510000 - 0x00007ffa27599000 	C:\Program Files\Java\jdk-16\bin\freetype.dll
0x00007ffa26e10000 - 0x00007ffa26f06000 	C:\Program Files\Java\jdk-16\bin\harfbuzz.dll
0x00007ffa41ab0000 - 0x00007ffa41ac2000 	C:\Program Files\Java\jdk-16\bin\fontmanager.dll
0x00007ffa4fc00000 - 0x00007ffa4fcf9000 	C:\WINDOWS\SYSTEM32\textinputframework.dll
0x00007ffa55f80000 - 0x00007ffa562de000 	C:\WINDOWS\System32\CoreUIComponents.dll
0x00007ffa562e0000 - 0x00007ffa563d2000 	C:\WINDOWS\System32\CoreMessaging.dll
0x00007ffa582a0000 - 0x00007ffa582d3000 	C:\WINDOWS\SYSTEM32\ntmarta.dll
0x00007ffa55c40000 - 0x00007ffa55d94000 	C:\WINDOWS\SYSTEM32\wintypes.dll

dbghelp: loaded successfully - version: 4.0.5 - missing functions: none
symbol engine: initialized successfully - sym options: 0x614 - pdb path: .;C:\Program Files\Java\jdk-16\bin;C:\WINDOWS\SYSTEM32;C:\WINDOWS\WinSxS\amd64_microsoft.windows.common-controls_6595b64144ccf1df_6.0.19041.844_none_ca00b6081b84eb1d;C:\Program Files\Java\jdk-16\bin\server

VM Arguments:
jvm_args: -Dfile.encoding=UTF-8 
java_command: library.management.system.Loading
java_class_path (initial): C:\Users\ssajid.bese26mcs\Desktop\project\Library-Management-System\src\library\management\system\Jar\rs2xml.jar;C:\Users\ssajid.bese26mcs\Desktop\project\Library-Management-System\src\library\management\system\Jar\jcalendar-tz-1.3.3-4.jar;C:\Users\ssajid.bese26mcs\Desktop\project\Library-Management-System\build\classes
Launcher Type: SUN_STANDARD

[Global flags]
     intx CICompilerCount                          = 3                                         {product} {ergonomic}
     uint ConcGCThreads                            = 1                                         {product} {ergonomic}
     uint G1ConcRefinementThreads                  = 4                                         {product} {ergonomic}
   size_t G1HeapRegionSize                         = 1048576                                   {product} {ergonomic}
    uintx GCDrainStackTargetSize                   = 64                                        {product} {ergonomic}
   size_t InitialHeapSize                          = 132120576                                 {product} {ergonomic}
   size_t MarkStackSize                            = 4194304                                   {product} {ergonomic}
   size_t MaxHeapSize                              = 2090860544                                {product} {ergonomic}
   size_t MaxNewSize                               = 1254096896                                {product} {ergonomic}
   size_t MinHeapDeltaBytes                        = 1048576                                   {product} {ergonomic}
   size_t MinHeapSize                              = 8388608                                   {product} {ergonomic}
    uintx NonNMethodCodeHeapSize                   = 5832780                                {pd product} {ergonomic}
    uintx NonProfiledCodeHeapSize                  = 122912730                              {pd product} {ergonomic}
    uintx ProfiledCodeHeapSize                     = 122912730                              {pd product} {ergonomic}
    uintx ReservedCodeCacheSize                    = 251658240                              {pd product} {ergonomic}
     bool SegmentedCodeCache                       = true                                      {product} {ergonomic}
   size_t SoftMaxHeapSize                          = 2090860544                             {manageable} {ergonomic}
     bool UseCompressedClassPointers               = true                           {product lp64_product} {ergonomic}
     bool UseCompressedOops                        = true                           {product lp64_product} {ergonomic}
     bool UseG1GC                                  = true                                      {product} {ergonomic}
     bool UseLargePagesIndividualAllocation        = false                                  {pd product} {ergonomic}

Logging:
Log output configuration:
 #0: stdout all=warning uptime,level,tags
 #1: stderr all=off uptime,level,tags

Environment Variables:
PATH=C:\Program Files\Common Files\Oracle\Java\javapath;C:\Program Files (x86)\Common Files\Oracle\Java\javapath;C:\WINDOWS\system32;C:\WINDOWS;C:\WINDOWS\System32\Wbem;C:\WINDOWS\System32\WindowsPowerShell\v1.0\;C:\WINDOWS\System32\OpenSSH\;C:\Program Files\dotnet\;C:\Program Files\MySQL\MySQL Shell 8.0\bin\;C:\Users\ssajid.bese26mcs\AppData\Local\Programs\Python\Python39\Scripts\;C:\Users\ssajid.bese26mcs\AppData\Local\Programs\Python\Python39\;C:\Users\ssajid.bese26mcs\AppData\Local\Microsoft\WindowsApps;;C:\Users\ssajid.bese26mcs\AppData\Local\Programs\Microsoft VS Code\bin
USERNAME=ssajid.bese26mcs
OS=Windows_NT
PROCESSOR_IDENTIFIER=Intel64 Family 6 Model 142 Stepping 9, GenuineIntel



---------------  S Y S T E M  ---------------

OS:
 Windows 10 , 64 bit Build 19041 (10.0.19041.928)
OS uptime: 1 days 19:39 hours

CPU: total 4 (initial active 4) (2 cores per cpu, 2 threads per core) family 6 model 142 stepping 9 microcode 0xde, cx8, cmov, fxsr, ht, mmx, 3dnowpref, sse, sse2, sse3, ssse3, sse4.1, sse4.2, popcnt, lzcnt, tsc, tscinvbit, avx, avx2, aes, erms, clmul, bmi1, bmi2, adx, fma, vzeroupper, clflush, clflushopt

Memory: 4k page, system-wide physical 7969M (1823M free)
TotalPageFile size 23761M (AvailPageFile size 8M)
current process WorkingSet (physical memory assigned to process): 80M, peak: 85M
current process commit charge ("private bytes"): 225M, peak: 231M

vm_info: Java HotSpot(TM) 64-Bit Server VM (16+36-2231) for windows-amd64 JRE (16+36-2231), built on Feb  8 2021 11:43:10 by "mach5one" with MS VC++ 16.7 (VS2019)

END.
