#
# There is insufficient memory for the Java Runtime Environment to continue.
# Native memory allocation (malloc) failed to allocate 1048576 bytes for AllocateHeap
# Possible reasons:
#   The system is out of physical RAM or swap space
#   The process is running with CompressedOops enabled, and the Java Heap may be blocking the growth of the native heap
# Possible solutions:
#   Reduce memory load on the system
#   Increase physical memory or swap space
#   Check if swap backing store is full
#   Decrease Java heap size (-Xmx/-Xms)
#   Decrease number of Java threads
#   Decrease Java thread stack sizes (-Xss)
#   Set larger code cache with -XX:ReservedCodeCacheSize=
#   JVM is running with Unscaled Compressed Oops mode in which the Java heap is
#     placed in the first 4GB address space. The Java Heap base address is the
#     maximum limit for the native heap growth. Please use -XX:HeapBaseMinAddress
#     to set the Java Heap base and to place the Java Heap above 4GB virtual address.
# This output file may be truncated or incomplete.
#
#  Out of Memory Error (allocation.cpp:44), pid=5852, tid=19348
#
# JRE version:  (16.0+36) (build )
# Java VM: Java HotSpot(TM) 64-Bit Server VM (16+36-2231, mixed mode, sharing, tiered, compressed oops, g1 gc, windows-amd64)
# No core dump will be written. Minidumps are not enabled by default on client versions of Windows
#

---------------  S U M M A R Y ------------

Command Line: -Dfile.encoding=UTF-8 library.management.system.StudentDetails

Host: Intel(R) Core(TM) i7-7500U CPU @ 2.70GHz, 4 cores, 7G,  Windows 10 , 64 bit Build 19041 (10.0.19041.928)
Time: Mon May 31 13:32:20 2021 Pakistan Standard Time elapsed time: 0.011765 seconds (0d 0h 0m 0s)

---------------  T H R E A D  ---------------

Current thread (0x0000029969f78db0):  JavaThread "Unknown thread" [_thread_in_vm, id=19348, stack(0x000000f427500000,0x000000f427600000)]

Stack: [0x000000f427500000,0x000000f427600000]
Native frames: (J=compiled Java code, j=interpreted, Vv=VM code, C=native code)
V  [jvm.dll+0x6681da]
V  [jvm.dll+0x7c9d99]
V  [jvm.dll+0x7cb4d3]
V  [jvm.dll+0x7cbb33]
V  [jvm.dll+0x242ee5]
V  [jvm.dll+0xa8742]
V  [jvm.dll+0x2dc6e4]
V  [jvm.dll+0x2d424b]
V  [jvm.dll+0x79c691]
V  [jvm.dll+0x3607b1]
V  [jvm.dll+0x77a370]
V  [jvm.dll+0x3e501f]
V  [jvm.dll+0x3e6af1]
C  [jli.dll+0x52fb]
C  [ucrtbase.dll+0x21bb2]
C  [KERNEL32.DLL+0x17034]
C  [ntdll.dll+0x52651]


---------------  P R O C E S S  ---------------

Threads class SMR info:
_java_thread_list=0x00007ffa08e6cbb8, length=0, elements={
}

Java Threads: ( => current thread )

Other Threads:
  0x0000029969fb78e0 GCTaskThread "GC Thread#0" [stack: 0x000000f427600000,0x000000f427700000] [id=23460]

[error occurred during error reporting (printing all threads), id 0xc0000005, EXCEPTION_ACCESS_VIOLATION (0xc0000005) at pc=0x00007ffa086413d0]

VM state: not at safepoint (not fully initialized)

VM Mutex/Monitor currently owned by a thread:  ([mutex/lock_event])
[0x0000029969f754a0] Heap_lock - owner thread: 0x0000029969f78db0

Heap address: 0x0000000083600000, size: 1994 MB, Compressed Oops mode: 32-bit
CDS archive(s) mapped at: [0x0000000000000000-0x0000000000000000-0x0000000000000000), size 0, SharedBaseAddress: 0x0000000800000000, ArchiveRelocationMode: 0.
Narrow klass base: 0x0000000000000000, Narrow klass shift: 0, Narrow klass range: 0x0

GC Precious Log:
<Empty>

Heap:
 garbage-first heap   total 0K, used 0K [0x0000000083600000, 0x0000000100000000)
  region size 1024K, 0 young (0K), 0 survivors (0K)

[error occurred during error reporting (printing heap information), id 0xc0000005, EXCEPTION_ACCESS_VIOLATION (0xc0000005) at pc=0x00007ffa08a21edd]

GC Heap History (0 events):
No events

Deoptimization events (0 events):
No events

Classes unloaded (0 events):
No events

Classes redefined (0 events):
No events

Internal exceptions (0 events):
No events

Events (1 events):
Event: 0.007 Loaded shared library C:\Program Files\Java\jdk-16\bin\java.dll


Dynamic libraries:
0x00007ff7a91a0000 - 0x00007ff7a91b0000 	C:\Program Files\Java\jdk-16\bin\java.exe
0x00007ffa5bf30000 - 0x00007ffa5c125000 	C:\WINDOWS\SYSTEM32\ntdll.dll
0x00007ffa5b2c0000 - 0x00007ffa5b37d000 	C:\WINDOWS\System32\KERNEL32.DLL
0x00007ffa59670000 - 0x00007ffa59938000 	C:\WINDOWS\System32\KERNELBASE.dll
0x00007ffa599c0000 - 0x00007ffa59ac0000 	C:\WINDOWS\System32\ucrtbase.dll
0x00007ffa54150000 - 0x00007ffa54169000 	C:\Program Files\Java\jdk-16\bin\VCRUNTIME140.dll
0x00007ffa419e0000 - 0x00007ffa419f8000 	C:\Program Files\Java\jdk-16\bin\jli.dll
0x00007ffa5a360000 - 0x00007ffa5a40c000 	C:\WINDOWS\System32\ADVAPI32.dll
0x00007ffa5a2c0000 - 0x00007ffa5a35e000 	C:\WINDOWS\System32\msvcrt.dll
0x00007ffa5ac70000 - 0x00007ffa5ad0b000 	C:\WINDOWS\System32\sechost.dll
0x00007ffa5ab30000 - 0x00007ffa5ac5b000 	C:\WINDOWS\System32\RPCRT4.dll
0x00007ffa5a520000 - 0x00007ffa5a6c0000 	C:\WINDOWS\System32\USER32.dll
0x00007ffa59d30000 - 0x00007ffa59d52000 	C:\WINDOWS\System32\win32u.dll
0x00007ffa4e310000 - 0x00007ffa4e5aa000 	C:\WINDOWS\WinSxS\amd64_microsoft.windows.common-controls_6595b64144ccf1df_6.0.19041.844_none_ca00b6081b84eb1d\COMCTL32.dll
0x00007ffa5b490000 - 0x00007ffa5b4ba000 	C:\WINDOWS\System32\GDI32.dll
0x00007ffa59e80000 - 0x00007ffa59f8b000 	C:\WINDOWS\System32\gdi32full.dll
0x00007ffa59d60000 - 0x00007ffa59dfd000 	C:\WINDOWS\System32\msvcp_win.dll
0x00007ffa4fa70000 - 0x00007ffa4fa7a000 	C:\WINDOWS\SYSTEM32\VERSION.dll
0x00007ffa5a4f0000 - 0x00007ffa5a520000 	C:\WINDOWS\System32\IMM32.DLL
0x00007ffa55900000 - 0x00007ffa5590c000 	C:\Program Files\Java\jdk-16\bin\vcruntime140_1.dll
0x00007ffa29f00000 - 0x00007ffa29f91000 	C:\Program Files\Java\jdk-16\bin\msvcp140.dll
0x00007ffa08360000 - 0x00007ffa08f0b000 	C:\Program Files\Java\jdk-16\bin\server\jvm.dll
0x00007ffa5a110000 - 0x00007ffa5a118000 	C:\WINDOWS\System32\PSAPI.DLL
0x00007ffa4e000000 - 0x00007ffa4e027000 	C:\WINDOWS\SYSTEM32\WINMM.dll
0x00007ffa485c0000 - 0x00007ffa485c9000 	C:\WINDOWS\SYSTEM32\WSOCK32.dll
0x00007ffa5b250000 - 0x00007ffa5b2bb000 	C:\WINDOWS\System32\WS2_32.dll
0x00007ffa57690000 - 0x00007ffa576a2000 	C:\WINDOWS\SYSTEM32\kernel.appcore.dll
0x00007ffa54c00000 - 0x00007ffa54c0a000 	C:\Program Files\Java\jdk-16\bin\jimage.dll
0x00007ffa573a0000 - 0x00007ffa57584000 	C:\WINDOWS\SYSTEM32\DBGHELP.DLL
0x00007ffa3d380000 - 0x00007ffa3d3ac000 	C:\WINDOWS\SYSTEM32\dbgcore.DLL
0x00007ffa59940000 - 0x00007ffa599c0000 	C:\WINDOWS\System32\bcryptPrimitives.dll
0x00007ffa4d080000 - 0x00007ffa4d0a5000 	C:\Program Files\Java\jdk-16\bin\java.dll

dbghelp: loaded successfully - version: 4.0.5 - missing functions: none
symbol engine: initialized successfully - sym options: 0x614 - pdb path: .;C:\Program Files\Java\jdk-16\bin;C:\WINDOWS\SYSTEM32;C:\WINDOWS\WinSxS\amd64_microsoft.windows.common-controls_6595b64144ccf1df_6.0.19041.844_none_ca00b6081b84eb1d;C:\Program Files\Java\jdk-16\bin\server

VM Arguments:
jvm_args: -Dfile.encoding=UTF-8 
java_command: library.management.system.StudentDetails
java_class_path (initial): C:\Users\ssajid.bese26mcs\Desktop\project\Library-Management-System\src\library\management\system\Jar\rs2xml.jar;C:\Users\ssajid.bese26mcs\Desktop\project\Library-Management-System\src\library\management\system\Jar\jcalendar-tz-1.3.3-4.jar;C:\Users\ssajid.bese26mcs\Desktop\project\Library-Management-System\build\classes
Launcher Type: SUN_STANDARD

[Global flags]
     intx CICompilerCount                          = 3                                         {product} {ergonomic}
     uint ConcGCThreads                            = 1                                         {product} {ergonomic}
     uint G1ConcRefinementThreads                  = 4                                         {product} {ergonomic}
   size_t G1HeapRegionSize                         = 1048576                                   {product} {ergonomic}
    uintx GCDrainStackTargetSize                   = 64                                        {product} {ergonomic}
   size_t InitialHeapSize                          = 132120576                                 {product} {ergonomic}
   size_t MarkStackSize                            = 4194304                                   {product} {ergonomic}
   size_t MaxHeapSize                              = 2090860544                                {product} {ergonomic}
   size_t MinHeapDeltaBytes                        = 1048576                                   {product} {ergonomic}
   size_t MinHeapSize                              = 8388608                                   {product} {ergonomic}
    uintx NonNMethodCodeHeapSize                   = 5832780                                {pd product} {ergonomic}
    uintx NonProfiledCodeHeapSize                  = 122912730                              {pd product} {ergonomic}
    uintx ProfiledCodeHeapSize                     = 122912730                              {pd product} {ergonomic}
    uintx ReservedCodeCacheSize                    = 251658240                              {pd product} {ergonomic}
     bool SegmentedCodeCache                       = true                                      {product} {ergonomic}
   size_t SoftMaxHeapSize                          = 2090860544                             {manageable} {ergonomic}
     bool UseCompressedClassPointers               = true                           {product lp64_product} {ergonomic}
     bool UseCompressedOops                        = true                           {product lp64_product} {ergonomic}
     bool UseG1GC                                  = true                                      {product} {ergonomic}
     bool UseLargePagesIndividualAllocation        = false                                  {pd product} {ergonomic}

Logging:
Log output configuration:
 #0: stdout all=warning uptime,level,tags
 #1: stderr all=off uptime,level,tags

Environment Variables:
PATH=C:\Program Files\Common Files\Oracle\Java\javapath;C:\Program Files (x86)\Common Files\Oracle\Java\javapath;C:\WINDOWS\system32;C:\WINDOWS;C:\WINDOWS\System32\Wbem;C:\WINDOWS\System32\WindowsPowerShell\v1.0\;C:\WINDOWS\System32\OpenSSH\;C:\Program Files\dotnet\;C:\Program Files\MySQL\MySQL Shell 8.0\bin\;C:\Users\ssajid.bese26mcs\AppData\Local\Programs\Python\Python39\Scripts\;C:\Users\ssajid.bese26mcs\AppData\Local\Programs\Python\Python39\;C:\Users\ssajid.bese26mcs\AppData\Local\Microsoft\WindowsApps;;C:\Users\ssajid.bese26mcs\AppData\Local\Programs\Microsoft VS Code\bin
USERNAME=ssajid.bese26mcs
OS=Windows_NT
PROCESSOR_IDENTIFIER=Intel64 Family 6 Model 142 Stepping 9, GenuineIntel



---------------  S Y S T E M  ---------------

OS:
 Windows 10 , 64 bit Build 19041 (10.0.19041.928)
OS uptime: 1 days 19:10 hours

CPU: total 4 (initial active 4) (2 cores per cpu, 2 threads per core) family 6 model 142 stepping 9 microcode 0xde, cx8, cmov, fxsr, ht, mmx, 3dnowpref, sse, sse2, sse3, ssse3, sse4.1, sse4.2, popcnt, lzcnt, tsc, tscinvbit, avx, avx2, aes, erms, clmul, bmi1, bmi2, adx, fma, vzeroupper, clflush, clflushopt

Memory: 4k page, system-wide physical 7969M (437M free)
TotalPageFile size 23761M (AvailPageFile size 5M)
current process WorkingSet (physical memory assigned to process): 9M, peak: 9M
current process commit charge ("private bytes"): 47M, peak: 48M

vm_info: Java HotSpot(TM) 64-Bit Server VM (16+36-2231) for windows-amd64 JRE (16+36-2231), built on Feb  8 2021 11:43:10 by "mach5one" with MS VC++ 16.7 (VS2019)

END.
